Flow report for aca_tp1
Wed Nov 21 15:34:54 2018
Quartus Prime Version 17.0.0 Build 595 04/25/2017 SJ Lite Edition


---------------------
; Table of Contents ;
---------------------
  1. Legal Notice
  2. Flow Summary
  3. Flow Settings
  4. Flow Non-Default Global Settings
  5. Flow Elapsed Time
  6. Flow OS Summary
  7. Flow Log
  8. Flow Messages
  9. Flow Suppressed Messages



----------------
; Legal Notice ;
----------------
Copyright (C) 2017  Intel Corporation. All rights reserved.
Your use of Intel Corporation's design tools, logic functions 
and other software and tools, and its AMPP partner logic 
functions, and any output files from any of the foregoing 
(including device programming or simulation files), and any 
associated documentation or information are expressly subject 
to the terms and conditions of the Intel Program License 
Subscription Agreement, the Intel Quartus Prime License Agreement,
the Intel MegaCore Function License Agreement, or other 
applicable license agreement, including, without limitation, 
that your use is for the sole purpose of programming logic 
devices manufactured by Intel and sold by Intel or its 
authorized distributors.  Please refer to the applicable 
agreement for further details.



+----------------------------------------------------------------------------------+
; Flow Summary                                                                     ;
+------------------------------------+---------------------------------------------+
; Flow Status                        ; Successful - Wed Nov 21 15:34:54 2018       ;
; Quartus Prime Version              ; 17.0.0 Build 595 04/25/2017 SJ Lite Edition ;
; Revision Name                      ; aca_tp1                                     ;
; Top-level Entity Name              ; Decoder                                     ;
; Family                             ; Cyclone IV E                                ;
; Total logic elements               ; 32 / 6,272 ( < 1 % )                        ;
;     Total combinational functions  ; 32 / 6,272 ( < 1 % )                        ;
;     Dedicated logic registers      ; 0 / 6,272 ( 0 % )                           ;
; Total registers                    ; 0                                           ;
; Total pins                         ; 45 / 92 ( 49 % )                            ;
; Total virtual pins                 ; 0                                           ;
; Total memory bits                  ; 0 / 276,480 ( 0 % )                         ;
; Embedded Multiplier 9-bit elements ; 0 / 30 ( 0 % )                              ;
; Total PLLs                         ; 0 / 2 ( 0 % )                               ;
; Device                             ; EP4CE6E22C6                                 ;
; Timing Models                      ; Final                                       ;
+------------------------------------+---------------------------------------------+


+-----------------------------------------+
; Flow Settings                           ;
+-------------------+---------------------+
; Option            ; Setting             ;
+-------------------+---------------------+
; Start date & time ; 11/21/2018 15:30:41 ;
; Main task         ; Compilation         ;
; Revision Name     ; aca_tp1             ;
+-------------------+---------------------+


+-------------------------------------------------------------------------------------------------------------------------+
; Flow Non-Default Global Settings                                                                                        ;
+-------------------------------------+----------------------------------------+---------------+-------------+------------+
; Assignment Name                     ; Value                                  ; Default Value ; Entity Name ; Section Id ;
+-------------------------------------+----------------------------------------+---------------+-------------+------------+
; COMPILER_SIGNATURE_ID               ; 488587799327.154281424100312           ; --            ; --          ; --         ;
; MAX_CORE_JUNCTION_TEMP              ; 85                                     ; --            ; --          ; --         ;
; MIN_CORE_JUNCTION_TEMP              ; 0                                      ; --            ; --          ; --         ;
; PARTITION_COLOR                     ; -- (Not supported for targeted family) ; --            ; Decoder     ; Top        ;
; PARTITION_FITTER_PRESERVATION_LEVEL ; -- (Not supported for targeted family) ; --            ; Decoder     ; Top        ;
; PARTITION_NETLIST_TYPE              ; -- (Not supported for targeted family) ; --            ; Decoder     ; Top        ;
; POWER_BOARD_THERMAL_MODEL           ; None (CONSERVATIVE)                    ; --            ; --          ; --         ;
; POWER_PRESET_COOLING_SOLUTION       ; 23 MM HEAT SINK WITH 200 LFPM AIRFLOW  ; --            ; --          ; --         ;
; TOP_LEVEL_ENTITY                    ; Decoder                                ; aca_tp1       ; --          ; --         ;
+-------------------------------------+----------------------------------------+---------------+-------------+------------+


+-------------------------------------------------------------------------------------------------------------------------------+
; Flow Elapsed Time                                                                                                             ;
+---------------------------+--------------+-------------------------+---------------------+------------------------------------+
; Module Name               ; Elapsed Time ; Average Processors Used ; Peak Virtual Memory ; Total CPU Time (on all processors) ;
+---------------------------+--------------+-------------------------+---------------------+------------------------------------+
; Analysis & Synthesis      ; 00:00:11     ; 1.0                     ; 950 MB              ; 00:00:26                           ;
; Fitter                    ; 00:00:04     ; 1.0                     ; 1200 MB             ; 00:00:04                           ;
; Assembler                 ; 00:00:01     ; 1.0                     ; 809 MB              ; 00:00:01                           ;
; TimeQuest Timing Analyzer ; 00:00:01     ; 1.0                     ; 835 MB              ; 00:00:01                           ;
; EDA Netlist Writer        ; 00:00:01     ; 1.0                     ; 1032 MB             ; 00:00:00                           ;
; EDA Netlist Writer        ; 00:00:01     ; 1.0                     ; 1038 MB             ; 00:00:00                           ;
; EDA Netlist Writer        ; 00:00:00     ; 1.0                     ; 1032 MB             ; 00:00:00                           ;
; EDA Netlist Writer        ; 00:00:00     ; 1.0                     ; 1038 MB             ; 00:00:00                           ;
; EDA Netlist Writer        ; 00:00:01     ; 1.0                     ; 1034 MB             ; 00:00:00                           ;
; EDA Netlist Writer        ; 00:00:01     ; 1.0                     ; 1037 MB             ; 00:00:00                           ;
; EDA Netlist Writer        ; 00:00:00     ; 1.0                     ; 1034 MB             ; 00:00:00                           ;
; EDA Netlist Writer        ; 00:00:00     ; 1.0                     ; 1038 MB             ; 00:00:00                           ;
; EDA Netlist Writer        ; 00:00:00     ; 1.0                     ; 1032 MB             ; 00:00:00                           ;
; EDA Netlist Writer        ; 00:00:00     ; 1.0                     ; 1038 MB             ; 00:00:00                           ;
; Total                     ; 00:00:21     ; --                      ; --                  ; 00:00:32                           ;
+---------------------------+--------------+-------------------------+---------------------+------------------------------------+


+---------------------------------------------------------------------------------------------+
; Flow OS Summary                                                                             ;
+---------------------------+------------------+----------------+------------+----------------+
; Module Name               ; Machine Hostname ; OS Name        ; OS Version ; Processor type ;
+---------------------------+------------------+----------------+------------+----------------+
; Analysis & Synthesis      ; pedro            ; Ubuntu 18.04.1 ; 18         ; x86_64         ;
; Fitter                    ; pedro            ; Ubuntu 18.04.1 ; 18         ; x86_64         ;
; Assembler                 ; pedro            ; Ubuntu 18.04.1 ; 18         ; x86_64         ;
; TimeQuest Timing Analyzer ; pedro            ; Ubuntu 18.04.1 ; 18         ; x86_64         ;
; EDA Netlist Writer        ; pedro            ; Ubuntu 18.04.1 ; 18         ; x86_64         ;
; EDA Netlist Writer        ; pedro            ; Ubuntu 18.04.1 ; 18         ; x86_64         ;
; EDA Netlist Writer        ; pedro            ; Ubuntu 18.04.1 ; 18         ; x86_64         ;
; EDA Netlist Writer        ; pedro            ; Ubuntu 18.04.1 ; 18         ; x86_64         ;
; EDA Netlist Writer        ; pedro            ; Ubuntu 18.04.1 ; 18         ; x86_64         ;
; EDA Netlist Writer        ; pedro            ; Ubuntu 18.04.1 ; 18         ; x86_64         ;
; EDA Netlist Writer        ; pedro            ; Ubuntu 18.04.1 ; 18         ; x86_64         ;
; EDA Netlist Writer        ; pedro            ; Ubuntu 18.04.1 ; 18         ; x86_64         ;
; EDA Netlist Writer        ; pedro            ; Ubuntu 18.04.1 ; 18         ; x86_64         ;
; EDA Netlist Writer        ; pedro            ; Ubuntu 18.04.1 ; 18         ; x86_64         ;
+---------------------------+------------------+----------------+------------+----------------+


------------
; Flow Log ;
------------
quartus_map --read_settings_files=on --write_settings_files=off Decoder -c aca_tp1
quartus_fit --read_settings_files=off --write_settings_files=off Decoder -c aca_tp1
quartus_asm --read_settings_files=off --write_settings_files=off Decoder -c aca_tp1
quartus_sta Decoder -c aca_tp1
quartus_eda --gen_testbench --tool=modelsim_oem --format=vhdl --write_settings_files=off Decoder -c aca_tp1 --vector_source=/home/pedro/Repositories/aca_tp1/Decoder/Waveform6.vwf --testbench_file=/home/pedro/Repositories/aca_tp1/Decoder/simulation/qsim/Waveform6.vwf.vht
quartus_eda --write_settings_files=off --simulation=on --functional=on --flatten_buses=off --tool=modelsim_oem --format=vhdl --output_directory=/home/pedro/Repositories/aca_tp1/Decoder/simulation/qsim/ Decoder -c aca_tp1
quartus_eda --gen_testbench --tool=modelsim_oem --format=vhdl --write_settings_files=off Decoder -c aca_tp1 --vector_source=/home/pedro/Repositories/aca_tp1/Decoder/Waveform6.vwf --testbench_file=/home/pedro/Repositories/aca_tp1/Decoder/simulation/qsim/Waveform6.vwf.vht
quartus_eda --write_settings_files=off --simulation=on --functional=on --flatten_buses=off --tool=modelsim_oem --format=vhdl --output_directory=/home/pedro/Repositories/aca_tp1/Decoder/simulation/qsim/ Decoder -c aca_tp1
quartus_eda --gen_testbench --tool=modelsim_oem --format=vhdl --write_settings_files=off Decoder -c aca_tp1 --vector_source=/home/pedro/Repositories/aca_tp1/Decoder/Waveform6.vwf --testbench_file=/home/pedro/Repositories/aca_tp1/Decoder/simulation/qsim/Waveform6.vwf.vht
quartus_eda --write_settings_files=off --simulation=on --functional=on --flatten_buses=off --tool=modelsim_oem --format=vhdl --output_directory=/home/pedro/Repositories/aca_tp1/Decoder/simulation/qsim/ Decoder -c aca_tp1
quartus_eda --gen_testbench --tool=modelsim_oem --format=vhdl --write_settings_files=off Decoder -c aca_tp1 --vector_source=/home/pedro/Repositories/aca_tp1/Decoder/Waveform.vwf --testbench_file=/home/pedro/Repositories/aca_tp1/Decoder/simulation/qsim/Waveform.vwf.vht
quartus_eda --write_settings_files=off --simulation=on --functional=on --flatten_buses=off --tool=modelsim_oem --format=vhdl --output_directory=/home/pedro/Repositories/aca_tp1/Decoder/simulation/qsim/ Decoder -c aca_tp1
quartus_eda --gen_testbench --tool=modelsim_oem --format=vhdl --write_settings_files=off Decoder -c aca_tp1 --vector_source=/home/pedro/Repositories/aca_tp1/Decoder/Waveform.vwf --testbench_file=/home/pedro/Repositories/aca_tp1/Decoder/simulation/qsim/Waveform.vwf.vht
quartus_eda --write_settings_files=off --simulation=on --functional=on --flatten_buses=off --tool=modelsim_oem --format=vhdl --output_directory=/home/pedro/Repositories/aca_tp1/Decoder/simulation/qsim/ Decoder -c aca_tp1



